<?xml version="1.0" encoding="UTF-8"?>
<!-- Generated by org.testng.reporters.JUnitReportReporter -->
<testsuite hostname="Xotabu4-Laptop" name="com.expample.tests.TestFolderDelete" tests="1" failures="0" timestamp="30 Dec 2011 22:30:41 GMT" time="0.698" errors="0">
  <testcase name="testFolderDelete" time="0.698" classname="com.expample.tests.TestFolderDelete"/>
</testsuite>
