<?xml version="1.0" encoding="UTF-8"?>
<!-- Generated by org.testng.reporters.JUnitReportReporter -->
<testsuite hostname="Xotabu4-Laptop" name="com.expample.tests.TestFolderCreation" tests="3" failures="0" timestamp="30 Dec 2011 22:30:35 GMT" time="3.459" errors="0">
  <testcase name="testVariousFolderCreation" time="1.347" classname="com.expample.tests.TestFolderCreation"/>
  <testcase name="testFolderCreation" time="1.262" classname="com.expample.tests.TestFolderCreation"/>
  <testcase name="testFolderWithSameNameCreation" time="0.850" classname="com.expample.tests.TestFolderCreation"/>
</testsuite>
