<?xml version="1.0" encoding="UTF-8"?>
<!-- Generated by org.testng.reporters.JUnitReportReporter -->
<testsuite hostname="Xotabu4-Laptop" name="mainPackage.tests.DebtorLeadsAPItest" tests="220" failures="0" timestamp="27 Mar 2012 08:33:04 GMT" time="135.955" errors="0">
  <testcase name="APICantBeUsedWithEmptyLastNameData" time="0.289" classname="mainPackage.tests.DebtorLeadsAPItest"/>
  <testcase name="APICantBeUsedWithEmptyLastNameData" time="0.280" classname="mainPackage.tests.DebtorLeadsAPItest"/>
  <testcase name="APICantBeUsedWithEmptyDebtAmountData" time="0.263" classname="mainPackage.tests.DebtorLeadsAPItest"/>
  <testcase name="APICanBeUsedWithZeroAge" time="0.327" classname="mainPackage.tests.DebtorLeadsAPItest"/>
  <testcase name="APICantBeUsedWithEmptyEmailData" time="0.322" classname="mainPackage.tests.DebtorLeadsAPItest"/>
  <testcase name="APICantBeUsedWithWrongFormatAgeData" time="0.280" classname="mainPackage.tests.DebtorLeadsAPItest"/>
  <testcase name="APICantBeUsedWithWrongFormatAgeData" time="0.325" classname="mainPackage.tests.DebtorLeadsAPItest"/>
  <testcase name="APICantBeUsedWithWrongFormatAgeData" time="0.276" classname="mainPackage.tests.DebtorLeadsAPItest"/>
  <testcase name="APICantBeUsedWithEmptyData" time="0.285" classname="mainPackage.tests.DebtorLeadsAPItest"/>
  <testcase name="APICantBeUsedWithEmptyData" time="0.289" classname="mainPackage.tests.DebtorLeadsAPItest"/>
  <testcase name="APICantBeUsedWithEmptyData" time="0.270" classname="mainPackage.tests.DebtorLeadsAPItest"/>
  <testcase name="APICanBeUsedWithZeroAge" time="0.319" classname="mainPackage.tests.DebtorLeadsAPItest"/>
  <testcase name="APICanBeUsedWithoutAssigment" time="0.324" classname="mainPackage.tests.DebtorLeadsAPItest"/>
  <testcase name="APICanBeUsedWithCorrectDataAndAssigment" time="39.094" classname="mainPackage.tests.DebtorLeadsAPItest"/>
  <testcase name="APICantBeUsedWithEmptyData" time="0.300" classname="mainPackage.tests.DebtorLeadsAPItest"/>
  <testcase name="APICantBeUsedWithEmptyPhoneData" time="0.271" classname="mainPackage.tests.DebtorLeadsAPItest"/>
  <testcase name="APICantBeUsedWithEmptyDebtAmountData" time="0.298" classname="mainPackage.tests.DebtorLeadsAPItest"/>
  <testcase name="APICanBeUsedWithoutAssigment" time="0.319" classname="mainPackage.tests.DebtorLeadsAPItest"/>
  <testcase name="APICantBeUsedWithWrongFormatAgeData" time="0.321" classname="mainPackage.tests.DebtorLeadsAPItest"/>
  <testcase name="APICantBeUsedWithEmptyPhoneData" time="0.342" classname="mainPackage.tests.DebtorLeadsAPItest"/>
  <testcase name="APICantBeUsedWithWrongPhoneData" time="0.269" classname="mainPackage.tests.DebtorLeadsAPItest"/>
  <testcase name="APICantBeUsedWithEmptyData" time="0.270" classname="mainPackage.tests.DebtorLeadsAPItest"/>
  <testcase name="APICantBeUsedWithEmptyLastNameData" time="0.304" classname="mainPackage.tests.DebtorLeadsAPItest"/>
  <testcase name="APICantBeUsedWithEmptyPhoneData" time="0.272" classname="mainPackage.tests.DebtorLeadsAPItest"/>
  <testcase name="APICanBeUsedWithCorrectDataAndAssigment" time="1.982" classname="mainPackage.tests.DebtorLeadsAPItest"/>
  <testcase name="APICantBeUsedWithEmptyDebtAmountData" time="0.307" classname="mainPackage.tests.DebtorLeadsAPItest"/>
  <testcase name="APICantBeUsedWithEmptyDebtAmountData" time="0.262" classname="mainPackage.tests.DebtorLeadsAPItest"/>
  <testcase name="APICantBeUsedWithEmptyData" time="0.275" classname="mainPackage.tests.DebtorLeadsAPItest"/>
  <testcase name="APICantBeUsedWithWrongPhoneData" time="0.282" classname="mainPackage.tests.DebtorLeadsAPItest"/>
  <testcase name="APICantBeUsedWithWrongPhoneData" time="0.302" classname="mainPackage.tests.DebtorLeadsAPItest"/>
  <testcase name="APICantBeUsedWithWrongPhoneData" time="0.284" classname="mainPackage.tests.DebtorLeadsAPItest"/>
  <testcase name="APICanBeUsedWithCorrectDataAndAssigment" time="2.005" classname="mainPackage.tests.DebtorLeadsAPItest"/>
  <testcase name="APICanBeUsedWithoutAssigment" time="0.293" classname="mainPackage.tests.DebtorLeadsAPItest"/>
  <testcase name="APICantBeUsedWithEmptyEmailData" time="0.264" classname="mainPackage.tests.DebtorLeadsAPItest"/>
  <testcase name="APICantBeUsedWithExistEmailAssigmentData" time="0.341" classname="mainPackage.tests.DebtorLeadsAPItest"/>
  <testcase name="APICantBeUsedWithEmptyData" time="0.324" classname="mainPackage.tests.DebtorLeadsAPItest"/>
  <testcase name="APICanBeUsedWithCorrectDataAndAssigment" time="2.743" classname="mainPackage.tests.DebtorLeadsAPItest"/>
  <testcase name="APICanBeUsedWithZeroAge" time="0.312" classname="mainPackage.tests.DebtorLeadsAPItest"/>
  <testcase name="APICanBeUsedWithoutAssigment" time="0.302" classname="mainPackage.tests.DebtorLeadsAPItest"/>
  <testcase name="APICantBeUsedWithEmptyPhoneData" time="0.282" classname="mainPackage.tests.DebtorLeadsAPItest"/>
  <testcase name="APICanBeUsedWithZeroAge" time="0.318" classname="mainPackage.tests.DebtorLeadsAPItest"/>
  <testcase name="APICanBeUsedWithZeroAge" time="0.306" classname="mainPackage.tests.DebtorLeadsAPItest"/>
  <testcase name="APICanBeUsedWithCorrectDataAndAssigment" time="1.996" classname="mainPackage.tests.DebtorLeadsAPItest"/>
  <testcase name="APICantBeUsedWithWrongFormatAgeData" time="0.291" classname="mainPackage.tests.DebtorLeadsAPItest"/>
  <testcase name="APICantBeUsedWithEmptyLastNameData" time="0.283" classname="mainPackage.tests.DebtorLeadsAPItest"/>
  <testcase name="APICanBeUsedWithZeroAge" time="0.320" classname="mainPackage.tests.DebtorLeadsAPItest"/>
  <testcase name="APICanBeUsedWithCorrectDataAndAssigment" time="1.635" classname="mainPackage.tests.DebtorLeadsAPItest"/>
  <testcase name="APICantBeUsedWithWrongPhoneData" time="0.278" classname="mainPackage.tests.DebtorLeadsAPItest"/>
  <testcase name="APICantBeUsedWithWrongPhoneData" time="0.303" classname="mainPackage.tests.DebtorLeadsAPItest"/>
  <testcase name="APICantBeUsedWithEmptyDebtAmountData" time="0.284" classname="mainPackage.tests.DebtorLeadsAPItest"/>
  <testcase name="APICanBeUsedWithoutAssigment" time="0.300" classname="mainPackage.tests.DebtorLeadsAPItest"/>
  <testcase name="APICantBeUsedWithEmptyEmailData" time="0.310" classname="mainPackage.tests.DebtorLeadsAPItest"/>
  <testcase name="APICantBeUsedWithWrongPhoneData" time="0.277" classname="mainPackage.tests.DebtorLeadsAPItest"/>
  <testcase name="APICanBeUsedWithCorrectDataAndAssigment" time="1.693" classname="mainPackage.tests.DebtorLeadsAPItest"/>
  <testcase name="APICantBeUsedWithExistEmailAssigmentData" time="0.315" classname="mainPackage.tests.DebtorLeadsAPItest"/>
  <testcase name="APICantBeUsedWithEmptyPhoneData" time="0.300" classname="mainPackage.tests.DebtorLeadsAPItest"/>
  <testcase name="APICanBeUsedWithZeroAge" time="0.298" classname="mainPackage.tests.DebtorLeadsAPItest"/>
  <testcase name="APICantBeUsedWithEmptyPhoneData" time="0.290" classname="mainPackage.tests.DebtorLeadsAPItest"/>
  <testcase name="APICantBeUsedWithEmptyDebtAmountData" time="0.276" classname="mainPackage.tests.DebtorLeadsAPItest"/>
  <testcase name="APICantBeUsedWithEmptyLastNameData" time="0.275" classname="mainPackage.tests.DebtorLeadsAPItest"/>
  <testcase name="APICanBeUsedWithZeroAge" time="0.301" classname="mainPackage.tests.DebtorLeadsAPItest"/>
  <testcase name="APICantBeUsedWithEmptyEmailData" time="0.299" classname="mainPackage.tests.DebtorLeadsAPItest"/>
  <testcase name="APICanBeUsedWithCorrectDataAndAssigment" time="1.987" classname="mainPackage.tests.DebtorLeadsAPItest"/>
  <testcase name="APICantBeUsedWithWrongPhoneData" time="0.287" classname="mainPackage.tests.DebtorLeadsAPItest"/>
  <testcase name="APICanBeUsedWithCorrectDataAndAssigment" time="2.013" classname="mainPackage.tests.DebtorLeadsAPItest"/>
  <testcase name="APICantBeUsedWithEmptyData" time="0.277" classname="mainPackage.tests.DebtorLeadsAPItest"/>
  <testcase name="APICantBeUsedWithEmptyLastNameData" time="0.276" classname="mainPackage.tests.DebtorLeadsAPItest"/>
  <testcase name="APICantBeUsedWithExistEmailAssigmentData" time="0.345" classname="mainPackage.tests.DebtorLeadsAPItest"/>
  <testcase name="APICantBeUsedWithEmptyLastNameData" time="0.276" classname="mainPackage.tests.DebtorLeadsAPItest"/>
  <testcase name="APICantBeUsedWithEmptyDebtAmountData" time="0.262" classname="mainPackage.tests.DebtorLeadsAPItest"/>
  <testcase name="APICantBeUsedWithEmptyEmailData" time="0.288" classname="mainPackage.tests.DebtorLeadsAPItest"/>
  <testcase name="APICantBeUsedWithWrongFormatAgeData" time="0.272" classname="mainPackage.tests.DebtorLeadsAPItest"/>
  <testcase name="APICantBeUsedWithEmptyData" time="0.275" classname="mainPackage.tests.DebtorLeadsAPItest"/>
  <testcase name="APICantBeUsedWithEmptyDebtAmountData" time="0.277" classname="mainPackage.tests.DebtorLeadsAPItest"/>
  <testcase name="APICanBeUsedWithZeroAge" time="0.326" classname="mainPackage.tests.DebtorLeadsAPItest"/>
  <testcase name="APICanBeUsedWithoutAssigment" time="0.309" classname="mainPackage.tests.DebtorLeadsAPItest"/>
  <testcase name="APICantBeUsedWithExistEmailAssigmentData" time="0.317" classname="mainPackage.tests.DebtorLeadsAPItest"/>
  <testcase name="APICantBeUsedWithEmptyPhoneData" time="0.280" classname="mainPackage.tests.DebtorLeadsAPItest"/>
  <testcase name="APICantBeUsedWithEmptyLastNameData" time="0.292" classname="mainPackage.tests.DebtorLeadsAPItest"/>
  <testcase name="APICantBeUsedWithExistEmailAssigmentData" time="0.321" classname="mainPackage.tests.DebtorLeadsAPItest"/>
  <testcase name="APICantBeUsedWithEmptyDebtAmountData" time="0.294" classname="mainPackage.tests.DebtorLeadsAPItest"/>
  <testcase name="APICantBeUsedWithExistEmailAssigmentData" time="0.323" classname="mainPackage.tests.DebtorLeadsAPItest"/>
  <testcase name="APICantBeUsedWithWrongPhoneData" time="0.290" classname="mainPackage.tests.DebtorLeadsAPItest"/>
  <testcase name="APICanBeUsedWithoutAssigment" time="0.298" classname="mainPackage.tests.DebtorLeadsAPItest"/>
  <testcase name="APICantBeUsedWithWrongFormatAgeData" time="0.265" classname="mainPackage.tests.DebtorLeadsAPItest"/>
  <testcase name="APICantBeUsedWithEmptyEmailData" time="0.285" classname="mainPackage.tests.DebtorLeadsAPItest"/>
  <testcase name="APICanBeUsedWithoutAssigment" time="0.315" classname="mainPackage.tests.DebtorLeadsAPItest"/>
  <testcase name="APICantBeUsedWithEmptyDebtAmountData" time="0.270" classname="mainPackage.tests.DebtorLeadsAPItest"/>
  <testcase name="APICanBeUsedWithZeroAge" time="0.308" classname="mainPackage.tests.DebtorLeadsAPItest"/>
  <testcase name="APICanBeUsedWithoutAssigment" time="0.319" classname="mainPackage.tests.DebtorLeadsAPItest"/>
  <testcase name="APICantBeUsedWithWrongPhoneData" time="0.302" classname="mainPackage.tests.DebtorLeadsAPItest"/>
  <testcase name="APICantBeUsedWithEmptyEmailData" time="0.293" classname="mainPackage.tests.DebtorLeadsAPItest"/>
  <testcase name="APICantBeUsedWithWrongPhoneData" time="0.280" classname="mainPackage.tests.DebtorLeadsAPItest"/>
  <testcase name="APICantBeUsedWithEmptyEmailData" time="0.290" classname="mainPackage.tests.DebtorLeadsAPItest"/>
  <testcase name="APICanBeUsedWithCorrectDataAndAssigment" time="1.806" classname="mainPackage.tests.DebtorLeadsAPItest"/>
  <testcase name="APICantBeUsedWithEmptyData" time="0.298" classname="mainPackage.tests.DebtorLeadsAPItest"/>
  <testcase name="APICantBeUsedWithEmptyLastNameData" time="0.289" classname="mainPackage.tests.DebtorLeadsAPItest"/>
  <testcase name="APICantBeUsedWithWrongFormatAgeData" time="0.289" classname="mainPackage.tests.DebtorLeadsAPItest"/>
  <testcase name="APICantBeUsedWithEmptyLastNameData" time="0.305" classname="mainPackage.tests.DebtorLeadsAPItest"/>
  <testcase name="APICantBeUsedWithEmptyEmailData" time="0.264" classname="mainPackage.tests.DebtorLeadsAPItest"/>
  <testcase name="APICantBeUsedWithEmptyEmailData" time="0.273" classname="mainPackage.tests.DebtorLeadsAPItest"/>
  <testcase name="APICantBeUsedWithEmptyLastNameData" time="0.286" classname="mainPackage.tests.DebtorLeadsAPItest"/>
  <testcase name="APICanBeUsedWithCorrectDataAndAssigment" time="1.686" classname="mainPackage.tests.DebtorLeadsAPItest"/>
  <testcase name="APICantBeUsedWithEmptyDebtAmountData" time="0.294" classname="mainPackage.tests.DebtorLeadsAPItest"/>
  <testcase name="APICantBeUsedWithExistEmailAssigmentData" time="0.322" classname="mainPackage.tests.DebtorLeadsAPItest"/>
  <testcase name="APICantBeUsedWithWrongFormatAgeData" time="0.270" classname="mainPackage.tests.DebtorLeadsAPItest"/>
  <testcase name="APICantBeUsedWithWrongPhoneData" time="0.258" classname="mainPackage.tests.DebtorLeadsAPItest"/>
  <testcase name="APICantBeUsedWithEmptyEmailData" time="0.257" classname="mainPackage.tests.DebtorLeadsAPItest"/>
  <testcase name="APICanBeUsedWithoutAssigment" time="0.344" classname="mainPackage.tests.DebtorLeadsAPItest"/>
  <testcase name="APICantBeUsedWithEmptyData" time="0.321" classname="mainPackage.tests.DebtorLeadsAPItest"/>
  <testcase name="APICantBeUsedWithExistEmailAssigmentData" time="0.351" classname="mainPackage.tests.DebtorLeadsAPItest"/>
  <testcase name="APICantBeUsedWithEmptyData" time="0.265" classname="mainPackage.tests.DebtorLeadsAPItest"/>
  <testcase name="APICantBeUsedWithWrongPhoneData" time="0.276" classname="mainPackage.tests.DebtorLeadsAPItest"/>
  <testcase name="APICantBeUsedWithEmptyEmailData" time="0.272" classname="mainPackage.tests.DebtorLeadsAPItest"/>
  <testcase name="APICantBeUsedWithEmptyData" time="0.264" classname="mainPackage.tests.DebtorLeadsAPItest"/>
  <testcase name="APICanBeUsedWithoutAssigment" time="0.318" classname="mainPackage.tests.DebtorLeadsAPItest"/>
  <testcase name="APICanBeUsedWithZeroAge" time="0.301" classname="mainPackage.tests.DebtorLeadsAPItest"/>
  <testcase name="APICantBeUsedWithExistEmailAssigmentData" time="0.324" classname="mainPackage.tests.DebtorLeadsAPItest"/>
  <testcase name="APICantBeUsedWithWrongPhoneData" time="0.274" classname="mainPackage.tests.DebtorLeadsAPItest"/>
  <testcase name="APICantBeUsedWithWrongFormatAgeData" time="0.299" classname="mainPackage.tests.DebtorLeadsAPItest"/>
  <testcase name="APICanBeUsedWithZeroAge" time="0.428" classname="mainPackage.tests.DebtorLeadsAPItest"/>
  <testcase name="APICantBeUsedWithEmptyEmailData" time="0.281" classname="mainPackage.tests.DebtorLeadsAPItest"/>
  <testcase name="APICantBeUsedWithEmptyPhoneData" time="0.292" classname="mainPackage.tests.DebtorLeadsAPItest"/>
  <testcase name="APICantBeUsedWithExistEmailAssigmentData" time="0.347" classname="mainPackage.tests.DebtorLeadsAPItest"/>
  <testcase name="APICantBeUsedWithEmptyData" time="0.305" classname="mainPackage.tests.DebtorLeadsAPItest"/>
  <testcase name="APICanBeUsedWithZeroAge" time="0.302" classname="mainPackage.tests.DebtorLeadsAPItest"/>
  <testcase name="APICantBeUsedWithEmptyData" time="0.297" classname="mainPackage.tests.DebtorLeadsAPItest"/>
  <testcase name="APICantBeUsedWithEmptyData" time="0.292" classname="mainPackage.tests.DebtorLeadsAPItest"/>
  <testcase name="APICanBeUsedWithCorrectDataAndAssigment" time="1.698" classname="mainPackage.tests.DebtorLeadsAPItest"/>
  <testcase name="APICantBeUsedWithEmptyPhoneData" time="0.278" classname="mainPackage.tests.DebtorLeadsAPItest"/>
  <testcase name="APICanBeUsedWithCorrectDataAndAssigment" time="1.781" classname="mainPackage.tests.DebtorLeadsAPItest"/>
  <testcase name="APICanBeUsedWithoutAssigment" time="0.335" classname="mainPackage.tests.DebtorLeadsAPItest"/>
  <testcase name="APICantBeUsedWithEmptyData" time="0.296" classname="mainPackage.tests.DebtorLeadsAPItest"/>
  <testcase name="APICanBeUsedWithoutAssigment" time="0.302" classname="mainPackage.tests.DebtorLeadsAPItest"/>
  <testcase name="APICantBeUsedWithEmptyLastNameData" time="0.274" classname="mainPackage.tests.DebtorLeadsAPItest"/>
  <testcase name="APICanBeUsedWithZeroAge" time="0.336" classname="mainPackage.tests.DebtorLeadsAPItest"/>
  <testcase name="APICantBeUsedWithWrongFormatAgeData" time="0.284" classname="mainPackage.tests.DebtorLeadsAPItest"/>
  <testcase name="APICanBeUsedWithCorrectDataAndAssigment" time="1.749" classname="mainPackage.tests.DebtorLeadsAPItest"/>
  <testcase name="APICantBeUsedWithEmptyEmailData" time="0.260" classname="mainPackage.tests.DebtorLeadsAPItest"/>
  <testcase name="APICantBeUsedWithEmptyLastNameData" time="0.292" classname="mainPackage.tests.DebtorLeadsAPItest"/>
  <testcase name="APICantBeUsedWithWrongFormatAgeData" time="0.309" classname="mainPackage.tests.DebtorLeadsAPItest"/>
  <testcase name="APICanBeUsedWithoutAssigment" time="0.300" classname="mainPackage.tests.DebtorLeadsAPItest"/>
  <testcase name="APICanBeUsedWithZeroAge" time="0.293" classname="mainPackage.tests.DebtorLeadsAPItest"/>
  <testcase name="APICantBeUsedWithWrongPhoneData" time="0.300" classname="mainPackage.tests.DebtorLeadsAPItest"/>
  <testcase name="APICantBeUsedWithWrongPhoneData" time="0.280" classname="mainPackage.tests.DebtorLeadsAPItest"/>
  <testcase name="APICantBeUsedWithWrongFormatAgeData" time="0.290" classname="mainPackage.tests.DebtorLeadsAPItest"/>
  <testcase name="APICantBeUsedWithEmptyEmailData" time="0.290" classname="mainPackage.tests.DebtorLeadsAPItest"/>
  <testcase name="APICanBeUsedWithZeroAge" time="0.296" classname="mainPackage.tests.DebtorLeadsAPItest"/>
  <testcase name="APICantBeUsedWithExistEmailAssigmentData" time="0.322" classname="mainPackage.tests.DebtorLeadsAPItest"/>
  <testcase name="APICantBeUsedWithWrongFormatAgeData" time="0.271" classname="mainPackage.tests.DebtorLeadsAPItest"/>
  <testcase name="APICantBeUsedWithWrongPhoneData" time="0.274" classname="mainPackage.tests.DebtorLeadsAPItest"/>
  <testcase name="APICantBeUsedWithEmptyDebtAmountData" time="0.290" classname="mainPackage.tests.DebtorLeadsAPItest"/>
  <testcase name="APICantBeUsedWithExistEmailAssigmentData" time="0.321" classname="mainPackage.tests.DebtorLeadsAPItest"/>
  <testcase name="APICantBeUsedWithExistEmailAssigmentData" time="0.336" classname="mainPackage.tests.DebtorLeadsAPItest"/>
  <testcase name="APICantBeUsedWithEmptyPhoneData" time="0.275" classname="mainPackage.tests.DebtorLeadsAPItest"/>
  <testcase name="APICanBeUsedWithoutAssigment" time="0.299" classname="mainPackage.tests.DebtorLeadsAPItest"/>
  <testcase name="APICantBeUsedWithEmptyLastNameData" time="0.273" classname="mainPackage.tests.DebtorLeadsAPItest"/>
  <testcase name="APICanBeUsedWithoutAssigment" time="0.322" classname="mainPackage.tests.DebtorLeadsAPItest"/>
  <testcase name="APICantBeUsedWithExistEmailAssigmentData" time="0.340" classname="mainPackage.tests.DebtorLeadsAPItest"/>
  <testcase name="APICantBeUsedWithEmptyDebtAmountData" time="0.286" classname="mainPackage.tests.DebtorLeadsAPItest"/>
  <testcase name="APICantBeUsedWithWrongPhoneData" time="0.288" classname="mainPackage.tests.DebtorLeadsAPItest"/>
  <testcase name="APICantBeUsedWithWrongFormatAgeData" time="0.282" classname="mainPackage.tests.DebtorLeadsAPItest"/>
  <testcase name="APICantBeUsedWithEmptyDebtAmountData" time="0.326" classname="mainPackage.tests.DebtorLeadsAPItest"/>
  <testcase name="APICantBeUsedWithWrongFormatAgeData" time="0.301" classname="mainPackage.tests.DebtorLeadsAPItest"/>
  <testcase name="APICanBeUsedWithoutAssigment" time="0.337" classname="mainPackage.tests.DebtorLeadsAPItest"/>
  <testcase name="APICantBeUsedWithEmptyEmailData" time="0.277" classname="mainPackage.tests.DebtorLeadsAPItest"/>
  <testcase name="APICantBeUsedWithWrongFormatAgeData" time="0.291" classname="mainPackage.tests.DebtorLeadsAPItest"/>
  <testcase name="APICantBeUsedWithEmptyPhoneData" time="0.293" classname="mainPackage.tests.DebtorLeadsAPItest"/>
  <testcase name="APICantBeUsedWithEmptyPhoneData" time="0.280" classname="mainPackage.tests.DebtorLeadsAPItest"/>
  <testcase name="APICantBeUsedWithEmptyEmailData" time="0.274" classname="mainPackage.tests.DebtorLeadsAPItest"/>
  <testcase name="APICanBeUsedWithCorrectDataAndAssigment" time="1.641" classname="mainPackage.tests.DebtorLeadsAPItest"/>
  <testcase name="APICantBeUsedWithEmptyDebtAmountData" time="0.298" classname="mainPackage.tests.DebtorLeadsAPItest"/>
  <testcase name="APICantBeUsedWithEmptyLastNameData" time="0.286" classname="mainPackage.tests.DebtorLeadsAPItest"/>
  <testcase name="APICanBeUsedWithZeroAge" time="0.326" classname="mainPackage.tests.DebtorLeadsAPItest"/>
  <testcase name="APICantBeUsedWithEmptyEmailData" time="0.265" classname="mainPackage.tests.DebtorLeadsAPItest"/>
  <testcase name="APICantBeUsedWithEmptyPhoneData" time="0.275" classname="mainPackage.tests.DebtorLeadsAPItest"/>
  <testcase name="APICanBeUsedWithoutAssigment" time="0.314" classname="mainPackage.tests.DebtorLeadsAPItest"/>
  <testcase name="APICanBeUsedWithCorrectDataAndAssigment" time="1.780" classname="mainPackage.tests.DebtorLeadsAPItest"/>
  <testcase name="APICantBeUsedWithEmptyDebtAmountData" time="0.275" classname="mainPackage.tests.DebtorLeadsAPItest"/>
  <testcase name="APICantBeUsedWithExistEmailAssigmentData" time="0.337" classname="mainPackage.tests.DebtorLeadsAPItest"/>
  <testcase name="APICanBeUsedWithZeroAge" time="0.344" classname="mainPackage.tests.DebtorLeadsAPItest"/>
  <testcase name="APICanBeUsedWithZeroAge" time="0.314" classname="mainPackage.tests.DebtorLeadsAPItest"/>
  <testcase name="APICantBeUsedWithEmptyPhoneData" time="0.288" classname="mainPackage.tests.DebtorLeadsAPItest"/>
  <testcase name="APICanBeUsedWithCorrectDataAndAssigment" time="1.764" classname="mainPackage.tests.DebtorLeadsAPItest"/>
  <testcase name="APICantBeUsedWithEmptyEmailData" time="0.312" classname="mainPackage.tests.DebtorLeadsAPItest"/>
  <testcase name="APICantBeUsedWithExistEmailAssigmentData" time="0.340" classname="mainPackage.tests.DebtorLeadsAPItest"/>
  <testcase name="APICantBeUsedWithExistEmailAssigmentData" time="0.326" classname="mainPackage.tests.DebtorLeadsAPItest"/>
  <testcase name="APICantBeUsedWithEmptyDebtAmountData" time="0.295" classname="mainPackage.tests.DebtorLeadsAPItest"/>
  <testcase name="APICantBeUsedWithEmptyLastNameData" time="0.291" classname="mainPackage.tests.DebtorLeadsAPItest"/>
  <testcase name="APICantBeUsedWithWrongPhoneData" time="0.282" classname="mainPackage.tests.DebtorLeadsAPItest"/>
  <testcase name="APICantBeUsedWithEmptyLastNameData" time="0.295" classname="mainPackage.tests.DebtorLeadsAPItest"/>
  <testcase name="APICanBeUsedWithoutAssigment" time="0.322" classname="mainPackage.tests.DebtorLeadsAPItest"/>
  <testcase name="APICantBeUsedWithEmptyDebtAmountData" time="0.284" classname="mainPackage.tests.DebtorLeadsAPItest"/>
  <testcase name="APICantBeUsedWithEmptyLastNameData" time="0.264" classname="mainPackage.tests.DebtorLeadsAPItest"/>
  <testcase name="APICantBeUsedWithEmptyDebtAmountData" time="0.306" classname="mainPackage.tests.DebtorLeadsAPItest"/>
  <testcase name="APICantBeUsedWithEmptyLastNameData" time="0.293" classname="mainPackage.tests.DebtorLeadsAPItest"/>
  <testcase name="APICantBeUsedWithExistEmailAssigmentData" time="0.329" classname="mainPackage.tests.DebtorLeadsAPItest"/>
  <testcase name="APICantBeUsedWithEmptyEmailData" time="0.286" classname="mainPackage.tests.DebtorLeadsAPItest"/>
  <testcase name="APICantBeUsedWithWrongPhoneData" time="0.297" classname="mainPackage.tests.DebtorLeadsAPItest"/>
  <testcase name="APICanBeUsedWithZeroAge" time="0.320" classname="mainPackage.tests.DebtorLeadsAPItest"/>
  <testcase name="APICantBeUsedWithEmptyDebtAmountData" time="0.272" classname="mainPackage.tests.DebtorLeadsAPItest"/>
  <testcase name="APICantBeUsedWithEmptyLastNameData" time="0.289" classname="mainPackage.tests.DebtorLeadsAPItest"/>
  <testcase name="APICanBeUsedWithCorrectDataAndAssigment" time="1.909" classname="mainPackage.tests.DebtorLeadsAPItest"/>
  <testcase name="APICantBeUsedWithWrongFormatAgeData" time="0.296" classname="mainPackage.tests.DebtorLeadsAPItest"/>
  <testcase name="APICantBeUsedWithEmptyPhoneData" time="0.281" classname="mainPackage.tests.DebtorLeadsAPItest"/>
  <testcase name="APICantBeUsedWithWrongFormatAgeData" time="0.288" classname="mainPackage.tests.DebtorLeadsAPItest"/>
  <testcase name="APICantBeUsedWithEmptyData" time="0.284" classname="mainPackage.tests.DebtorLeadsAPItest"/>
  <testcase name="APICantBeUsedWithEmptyPhoneData" time="0.291" classname="mainPackage.tests.DebtorLeadsAPItest"/>
  <testcase name="APICantBeUsedWithExistEmailAssigmentData" time="0.316" classname="mainPackage.tests.DebtorLeadsAPItest"/>
  <testcase name="APICantBeUsedWithExistEmailAssigmentData" time="0.328" classname="mainPackage.tests.DebtorLeadsAPItest"/>
  <testcase name="APICanBeUsedWithoutAssigment" time="0.305" classname="mainPackage.tests.DebtorLeadsAPItest"/>
  <testcase name="APICanBeUsedWithCorrectDataAndAssigment" time="2.264" classname="mainPackage.tests.DebtorLeadsAPItest"/>
  <testcase name="APICanBeUsedWithCorrectDataAndAssigment" time="3.420" classname="mainPackage.tests.DebtorLeadsAPItest"/>
  <testcase name="APICantBeUsedWithEmptyData" time="0.295" classname="mainPackage.tests.DebtorLeadsAPItest"/>
  <testcase name="APICantBeUsedWithEmptyPhoneData" time="0.301" classname="mainPackage.tests.DebtorLeadsAPItest"/>
  <testcase name="APICantBeUsedWithEmptyPhoneData" time="0.273" classname="mainPackage.tests.DebtorLeadsAPItest"/>
  <testcase name="APICantBeUsedWithEmptyData" time="0.278" classname="mainPackage.tests.DebtorLeadsAPItest"/>
  <testcase name="APICantBeUsedWithEmptyPhoneData" time="0.275" classname="mainPackage.tests.DebtorLeadsAPItest"/>
  <testcase name="APICantBeUsedWithEmptyPhoneData" time="0.277" classname="mainPackage.tests.DebtorLeadsAPItest"/>
  <testcase name="APICantBeUsedWithWrongFormatAgeData" time="0.284" classname="mainPackage.tests.DebtorLeadsAPItest"/>
</testsuite>
