<?xml version="1.0" encoding="UTF-8"?>
<!-- Generated by org.testng.reporters.JUnitReportReporter -->
<testsuite hostname="Xotabu4-Laptop" name="mainPackage.tests.AffiliateCreationTest" tests="1" failures="0" timestamp="3 Apr 2012 09:09:18 GMT" time="53.402" errors="0">
  <testcase name="AffiliateCannotBeAddedWithEmptyFields" time="53.402" classname="mainPackage.tests.AffiliateCreationTest"/>
</testsuite>
