<?xml version="1.0" encoding="UTF-8"?>
<!-- Generated by org.testng.reporters.JUnitReportReporter -->
<testsuite hostname="Xotabu4-Laptop" name="mainPackage.tests.LeadProviderCreationTests" tests="1" failures="0" timestamp="3 Apr 2012 09:09:18 GMT" time="10.450" errors="0">
  <testcase name="LeadProviderCanBeAdded" time="10.450" classname="mainPackage.tests.LeadProviderCreationTests"/>
</testsuite>
