<?xml version="1.0" encoding="UTF-8"?>
<!-- Generated by org.testng.reporters.JUnitReportReporter -->
<testsuite hostname="Xotabu4-Laptop" name="com.example.tests.GroupRemovalTests" tests="1" failures="0" timestamp="17 Jan 2012 21:57:58 GMT" time="20.545" errors="0">
  <testcase name="testFirstGroupCanBeRemoved" time="20.545" classname="com.example.tests.GroupRemovalTests"/>
</testsuite>
