<?xml version="1.0" encoding="UTF-8"?>
<!-- Generated by org.testng.reporters.JUnitReportReporter -->
<testsuite hostname="Xotabu4" name="com.example.tests.PrintPhoneTests" tests="1" failures="0" timestamp="11 Dec 2011 21:05:18 GMT" time="30,980" errors="0">
  <testcase name="testPrintPhonesShowsCorrectContacts" time="30,980" classname="com.example.tests.PrintPhoneTests"/>
</testsuite>
