<?xml version="1.0" encoding="UTF-8"?>
<!-- Generated by org.testng.reporters.JUnitReportReporter -->
<testsuite hostname="Xotabu4-Laptop" name="com.example.tests.ContactCreationTest" tests="3" failures="0" timestamp="17 Jan 2012 22:13:45 GMT" time="32.049" errors="0">
  <testcase name="testContactWithValidDataCanBeCreated" time="3.975" classname="com.example.tests.ContactCreationTest"/>
  <testcase name="testContactWithValidDataCanBeCreated" time="24.262" classname="com.example.tests.ContactCreationTest"/>
  <testcase name="testContactWithValidDataCanBeCreated" time="3.812" classname="com.example.tests.ContactCreationTest"/>
</testsuite>
