<?xml version="1.0" encoding="UTF-8"?>
<!-- Generated by org.testng.reporters.JUnitReportReporter -->
<testsuite hostname="Xotabu4-Laptop" name="com.example.tests.ContactModificationTests" tests="1" failures="0" timestamp="17 Jan 2012 21:45:27 GMT" time="30.393" errors="0">
  <testcase name="testContactCanBeModified" time="30.393" classname="com.example.tests.ContactModificationTests"/>
</testsuite>
