<?xml version="1.0" encoding="UTF-8"?>
<!-- Generated by org.testng.reporters.JUnitReportReporter -->
<testsuite hostname="Xotabu4-Laptop" name="com.example.tests.ContactRemovalTests" tests="1" failures="0" timestamp="15 Jan 2012 21:33:34 GMT" time="11.983" errors="1">
  <testcase name="testContactCanBeRemoved" time="11.983" classname="com.example.tests.ContactRemovalTests">
    <error type="java.lang.AssertionError" message="
Expected: &lt;[Contact [38, ContactFirstNameText809420761, ContactLastNameText-262816219, 1234567890-1096008875, Contact@email.com866971400], Contact [36, ContactFirstNameText-1316276252, ContactLastNameText849931156, 12345678901506261593, Contact@email.com287748704], Contact [39, , , , ], Contact [37, FirstNameTextModified, LastNameTextModified, 0987654321, emailModified@mail.mail], Contact [35, FirstNameTextModified, LastNameTextModified, 0987654321, emailModified@mail.mail]]&gt;
     got: &lt;[Contact [36, ContactFirstNameText-1316276252, ContactLastNameText849931156, 12345678901506261593, Contact@email.com287748704], Contact [39, , , , ], Contact [37, FirstNameTextModified, LastNameTextModified, 0987654321, emailModified@mail.mail], Contact [35, FirstNameTextModified, LastNameTextModified, 0987654321, emailModified@mail.mail]]&gt;
">
      <![CDATA[java.lang.AssertionError: 
Expected: <[Contact [38, ContactFirstNameText809420761, ContactLastNameText-262816219, 1234567890-1096008875, Contact@email.com866971400], Contact [36, ContactFirstNameText-1316276252, ContactLastNameText849931156, 12345678901506261593, Contact@email.com287748704], Contact [39, , , , ], Contact [37, FirstNameTextModified, LastNameTextModified, 0987654321, emailModified@mail.mail], Contact [35, FirstNameTextModified, LastNameTextModified, 0987654321, emailModified@mail.mail]]]]><![CDATA[>
     got: <[Contact [36, ContactFirstNameText-1316276252, ContactLastNameText849931156, 12345678901506261593, Contact@email.com287748704], Contact [39, , , , ], Contact [37, FirstNameTextModified, LastNameTextModified, 0987654321, emailModified@mail.mail], Contact [35, FirstNameTextModified, LastNameTextModified, 0987654321, emailModified@mail.mail]]]]><![CDATA[>

	at org.hamcrest.MatcherAssert.assertThat(MatcherAssert.java:21)
	at org.hamcrest.MatcherAssert.assertThat(MatcherAssert.java:8)
	at com.example.fw.VerifyHelper.verifyContacts(VerifyHelper.java:16)
	at com.example.tests.ContactRemovalTests.testContactCanBeRemoved(ContactRemovalTests.java:24)
	at sun.reflect.NativeMethodAccessorImpl.invoke0(Native Method)
	at sun.reflect.NativeMethodAccessorImpl.invoke(Unknown Source)
	at sun.reflect.DelegatingMethodAccessorImpl.invoke(Unknown Source)
	at java.lang.reflect.Method.invoke(Unknown Source)
	at org.testng.internal.MethodInvocationHelper.invokeMethod(MethodInvocationHelper.java:80)
	at org.testng.internal.Invoker.invokeMethod(Invoker.java:691)
	at org.testng.internal.Invoker.invokeTestMethod(Invoker.java:883)
	at org.testng.internal.Invoker.invokeTestMethods(Invoker.java:1208)
	at org.testng.internal.TestMethodWorker.invokeTestMethods(TestMethodWorker.java:127)
	at org.testng.internal.TestMethodWorker.run(TestMethodWorker.java:111)
	at org.testng.TestRunner.privateRun(TestRunner.java:758)
	at org.testng.TestRunner.run(TestRunner.java:613)
	at org.testng.SuiteRunner.runTest(SuiteRunner.java:334)
	at org.testng.SuiteRunner.runSequentially(SuiteRunner.java:329)
	at org.testng.SuiteRunner.privateRun(SuiteRunner.java:291)
	at org.testng.SuiteRunner.run(SuiteRunner.java:240)
	at org.testng.SuiteRunnerWorker.runSuite(SuiteRunnerWorker.java:53)
	at org.testng.SuiteRunnerWorker.run(SuiteRunnerWorker.java:87)
	at org.testng.TestNG.runSuitesSequentially(TestNG.java:1142)
	at org.testng.TestNG.runSuitesLocally(TestNG.java:1067)
	at org.testng.TestNG.run(TestNG.java:979)
	at org.testng.remote.RemoteTestNG.run(RemoteTestNG.java:109)
	at org.testng.remote.RemoteTestNG.initAndRun(RemoteTestNG.java:202)
	at org.testng.remote.RemoteTestNG.main(RemoteTestNG.java:173)
]]>
    </error>
  </testcase>
</testsuite>
