<?xml version="1.0" encoding="UTF-8"?>
<!-- Generated by org.testng.reporters.JUnitReportReporter -->
<testsuite hostname="Xotabu4-Laptop" name="com.example.tests.GroupModificationTests" tests="1" failures="0" timestamp="17 Jan 2012 21:57:23 GMT" time="21.821" errors="0">
  <testcase name="testFirstGroupCanBeModified" time="21.821" classname="com.example.tests.GroupModificationTests"/>
</testsuite>
