<?xml version="1.0" encoding="UTF-8"?>
<!-- Generated by org.testng.reporters.JUnitReportReporter -->
<testsuite hostname="Xotabu4-Laptop" name="com.example.tests.GroupCreationTests" tests="3" failures="0" timestamp="17 Jan 2012 22:36:06 GMT" time="19.808" errors="0">
  <testcase name="testValidGroupCanBeCreated" time="16.911" classname="com.example.tests.GroupCreationTests"/>
  <testcase name="testValidGroupCanBeCreated" time="1.505" classname="com.example.tests.GroupCreationTests"/>
  <testcase name="testValidGroupCanBeCreated" time="1.392" classname="com.example.tests.GroupCreationTests"/>
</testsuite>
