<?xml version="1.0" encoding="UTF-8"?>
<!-- Generated by org.testng.reporters.JUnitReportReporter -->
<testsuite hostname="Xotabu4-Laptop" name="objects.TestNGTrain" tests="2" failures="0" timestamp="5 Feb 2013 12:11:39 GMT" time="0.007" errors="0">
  <testcase name="speedUpTest" time="0.006" classname="objects.TestNGTrain"/>
  <testcase name="stopTest" time="0.001" classname="objects.TestNGTrain"/>
</testsuite> <!-- objects.TestNGTrain -->
