<?xml version="1.0" encoding="UTF-8"?>
<!-- Generated by org.testng.reporters.JUnitReportReporter -->
<testsuite hostname="Xotabu4-Laptop" name="webDriver.TestAction" tests="1" failures="0" timestamp="5 Feb 2013 15:41:44 GMT" time="3.204" errors="0">
  <testcase name="testCompleteTask" time="3.204" classname="webDriver.TestAction"/>
</testsuite> <!-- webDriver.TestAction -->
