<?xml version="1.0" encoding="UTF-8"?>
<!-- Generated by org.testng.reporters.JUnitReportReporter -->
<testsuite hostname="Xotabu4-Laptop" name="com.example.tests.TestContactRemove" tests="1" failures="0" timestamp="24 Jan 2012 21:43:19 GMT" time="10.150" errors="0">
  <testcase name="shoudRemoveContact" time="10.150" classname="com.example.tests.TestContactRemove"/>
</testsuite>
