<?xml version="1.0" encoding="UTF-8"?>
<!-- Generated by org.testng.reporters.JUnitReportReporter -->
<testsuite hostname="Xotabu4-Laptop" name="com.example.tests.TestContactCreation" tests="1" failures="0" timestamp="24 Jan 2012 21:30:34 GMT" time="7.962" errors="0">
  <testcase name="shouldCreateCotnactWithValidData" time="7.962" classname="com.example.tests.TestContactCreation"/>
</testsuite>
