<?xml version="1.0" encoding="UTF-8"?>
<!-- Generated by org.testng.reporters.JUnitReportReporter -->
<testsuite hostname="Xotabu4-Laptop" name="framework.scroll" tests="1" failures="0" timestamp="27 May 2012 10:55:00 GMT" time="34.737" errors="0">
  <testcase name="run" time="34.737" classname="framework.scroll"/>
</testsuite>
