<?xml version="1.0" encoding="UTF-8"?>
<!-- Generated by org.testng.reporters.JUnitReportReporter -->
<testsuite hostname="Xotabu4-Laptop" name="test" tests="1" failures="0" timestamp="29 Feb 2012 14:27:13 GMT" time="36.141" errors="0">
  <testcase name="testing" time="36.141" classname="test"/>
</testsuite>
